*** Using Compiler 'V6.18', folder: 'D:\keil\ARM\ARMCLANG\Bin'
Build target 'FOC_Mini_Board'
compiling stm32f1xx_hal_adc.c...
compiling stm32f1xx_hal.c...
compiling stm32f1xx_hal_adc_ex.c...
compiling stm32f1xx_hal_rcc.c...
compiling system_stm32f1xx.c...
compiling stm32f1xx_hal_gpio_ex.c...
compiling stm32f1xx_hal_gpio.c...
compiling stm32f1xx_hal_rcc_ex.c...
compiling stm32f1xx_hal_cortex.c...
compiling stm32f1xx_hal_dma.c...
compiling stm32f1xx_hal_pwr.c...
compiling stm32f1xx_hal_flash.c...
compiling stm32f1xx_hal_flash_ex.c...
compiling stm32f1xx_hal_exti.c...
compiling stm32f1xx_hal_tim_ex.c...
compiling stm32f1xx_hal_spi.c...
compiling encoder.c...
compiling stm32f1xx_hal_uart.c...
compiling stm32f1xx_hal_tim.c...
compiling stm32f1xx_hal_i2c.c...
compiling basic_function.c...
compiling modbus.c...
compiling object_commicate.c...
compiling filter.c...
compiling control_loop.c...
compiling foc.c...
compiling table.c...
compiling adc.c...
compiling dma.c...
compiling gpio.c...
compiling hal_my.c...
compiling i2c.c...
compiling main.c...
compiling spi.c...
compiling stm32f1xx_hal_msp.c...
compiling stm32f1xx_it.c...
compiling tim.c...
compiling usart.c...
compiling parameter.c...
linking...
Program Size: Code=32386 RO-data=1302 RW-data=1040 ZI-data=2584  
FromELF: creating hex file...
"FOC_Mini_Board\FOC_Mini_Board.axf" - 0 Error(s), 0 Warning(s).
Build Time Elapsed:  00:00:05
