Encoder_Line_Offest_Table[0] = 0
Encoder_Line_Offest_Table[1] = 8
Encoder_Line_Offest_Table[2] = 16
Encoder_Line_Offest_Table[3] = 20
Encoder_Line_Offest_Table[4] = 88
Encoder_Line_Offest_Table[5] = 124
Encoder_Line_Offest_Table[6] = 84
Encoder_Line_Offest_Table[7] = 48
Encoder_Line_Offest_Table[8] = 84
Encoder_Line_Offest_Table[9] = 100
Encoder_Line_Offest_Table[10] = 60
Encoder_Line_Offest_Table[11] = 16
Encoder_Line_Offest_Table[12] = 32
Encoder_Line_Offest_Table[13] = 48
Encoder_Line_Offest_Table[14] = 52
Encoder_Line_Offest_Table[15] = 88
Encoder_Line_Offest_Table[16] = 136
Encoder_Line_Offest_Table[17] = 144
Encoder_Line_Offest_Table[18] = 116
Encoder_Line_Offest_Table[19] = 116
Encoder_Line_Offest_Table[20] = 108
Encoder_Line_Offest_Table[21] = 88
Encoder_Line_Offest_Table[22] = 32
Encoder_Line_Offest_Table[23] = 20
Encoder_Line_Offest_Table[24] = 48
Encoder_Line_Offest_Table[25] = 80
Encoder_Line_Offest_Table[26] = 80
Encoder_Line_Offest_Table[27] = 120
Encoder_Line_Offest_Table[28] = 156
Encoder_Line_Offest_Table[29] = 168
Encoder_Line_Offest_Table[30] = 140
Encoder_Line_Offest_Table[31] = 128
Encoder_Line_Offest_Table[32] = 132
Encoder_Line_Offest_Table[33] = 112
Encoder_Line_Offest_Table[34] = 76
Encoder_Line_Offest_Table[35] = 100
Encoder_Line_Offest_Table[36] = 148
Encoder_Line_Offest_Table[37] = 164
Encoder_Line_Offest_Table[38] = 160
Encoder_Line_Offest_Table[39] = 220
Encoder_Line_Offest_Table[40] = 280
Encoder_Line_Offest_Table[41] = 244
Encoder_Line_Offest_Table[42] = 204
Encoder_Line_Offest_Table[43] = 196
Encoder_Line_Offest_Table[44] = 192
Encoder_Line_Offest_Table[45] = 164
Encoder_Line_Offest_Table[46] = 152
Encoder_Line_Offest_Table[47] = 200
Encoder_Line_Offest_Table[48] = 220
Encoder_Line_Offest_Table[49] = 200
Encoder_Line_Offest_Table[50] = 232
Encoder_Line_Offest_Table[51] = 292
Encoder_Line_Offest_Table[52] = 280
Encoder_Line_Offest_Table[53] = 224
Encoder_Line_Offest_Table[54] = 200
Encoder_Line_Offest_Table[55] = 220
Encoder_Line_Offest_Table[56] = 228
Encoder_Line_Offest_Table[57] = 212
Encoder_Line_Offest_Table[58] = 228
Encoder_Line_Offest_Table[59] = 256
Encoder_Line_Offest_Table[60] = 264
Encoder_Line_Offest_Table[61] = 272
Encoder_Line_Offest_Table[62] = 328
Encoder_Line_Offest_Table[63] = 332
Encoder_Line_Offest_Table[64] = 312
Encoder_Line_Offest_Table[65] = 264
Encoder_Line_Offest_Table[66] = 264
Encoder_Line_Offest_Table[67] = 280
Encoder_Line_Offest_Table[68] = 272
Encoder_Line_Offest_Table[69] = 248
Encoder_Line_Offest_Table[70] = 268
Encoder_Line_Offest_Table[71] = 284
Encoder_Line_Offest_Table[72] = 304
Encoder_Line_Offest_Table[73] = 308
Encoder_Line_Offest_Table[74] = 332
Encoder_Line_Offest_Table[75] = 324
Encoder_Line_Offest_Table[76] = 292
Encoder_Line_Offest_Table[77] = 256
Encoder_Line_Offest_Table[78] = 272
Encoder_Line_Offest_Table[79] = 288
Encoder_Line_Offest_Table[80] = 264
Encoder_Line_Offest_Table[81] = 232
Encoder_Line_Offest_Table[82] = 256
Encoder_Line_Offest_Table[83] = 284
Encoder_Line_Offest_Table[84] = 252
Encoder_Line_Offest_Table[85] = 248
Encoder_Line_Offest_Table[86] = 256
Encoder_Line_Offest_Table[87] = 248
Encoder_Line_Offest_Table[88] = 216
Encoder_Line_Offest_Table[89] = 204
Encoder_Line_Offest_Table[90] = 216
Encoder_Line_Offest_Table[91] = 200
Encoder_Line_Offest_Table[92] = 152
Encoder_Line_Offest_Table[93] = 176
Encoder_Line_Offest_Table[94] = 216
Encoder_Line_Offest_Table[95] = 200
Encoder_Line_Offest_Table[96] = 156
Encoder_Line_Offest_Table[97] = 180
Encoder_Line_Offest_Table[98] = 220
Encoder_Line_Offest_Table[99] = 212
Encoder_Line_Offest_Table[100] = 196
Encoder_Line_Offest_Table[101] = 220
Encoder_Line_Offest_Table[102] = 212
Encoder_Line_Offest_Table[103] = 184
Encoder_Line_Offest_Table[104] = 176
Encoder_Line_Offest_Table[105] = 200
Encoder_Line_Offest_Table[106] = 200
Encoder_Line_Offest_Table[107] = 168
Encoder_Line_Offest_Table[108] = 160
Encoder_Line_Offest_Table[109] = 200
Encoder_Line_Offest_Table[110] = 216
Encoder_Line_Offest_Table[111] = 204
Encoder_Line_Offest_Table[112] = 180
Encoder_Line_Offest_Table[113] = 168
Encoder_Line_Offest_Table[114] = 168
Encoder_Line_Offest_Table[115] = 144
Encoder_Line_Offest_Table[116] = 128
Encoder_Line_Offest_Table[117] = 136
Encoder_Line_Offest_Table[118] = 140
Encoder_Line_Offest_Table[119] = 124
Encoder_Line_Offest_Table[120] = 144
Encoder_Line_Offest_Table[121] = 204
Encoder_Line_Offest_Table[122] = 212
Encoder_Line_Offest_Table[123] = 164
Encoder_Line_Offest_Table[124] = 148
Encoder_Line_Offest_Table[125] = 180
Encoder_Line_Offest_Table[126] = 180
Encoder_Line_Offest_Table[127] = 128
Encoder_Line_Offest_Table[128] = 120
Encoder_Line_Offest_Table[129] = 128
Encoder_Line_Offest_Table[130] = 132
Encoder_Line_Offest_Table[131] = 124
Encoder_Line_Offest_Table[132] = 204
Encoder_Line_Offest_Table[133] = 224
Encoder_Line_Offest_Table[134] = 196
Encoder_Line_Offest_Table[135] = 160
Encoder_Line_Offest_Table[136] = 184
Encoder_Line_Offest_Table[137] = 184
Encoder_Line_Offest_Table[138] = 144
Encoder_Line_Offest_Table[139] = 100
Encoder_Line_Offest_Table[140] = 112
Encoder_Line_Offest_Table[141] = 132
Encoder_Line_Offest_Table[142] = 144
Encoder_Line_Offest_Table[143] = 160
Encoder_Line_Offest_Table[144] = 212
Encoder_Line_Offest_Table[145] = 212
Encoder_Line_Offest_Table[146] = 192
Encoder_Line_Offest_Table[147] = 183
Encoder_Line_Offest_Table[148] = 179
Encoder_Line_Offest_Table[149] = 155
Encoder_Line_Offest_Table[150] = 99
Encoder_Line_Offest_Table[151] = 83
Encoder_Line_Offest_Table[152] = 99
Encoder_Line_Offest_Table[153] = 123
Encoder_Line_Offest_Table[154] = 127
Encoder_Line_Offest_Table[155] = 163
Encoder_Line_Offest_Table[156] = 183
Encoder_Line_Offest_Table[157] = 211
Encoder_Line_Offest_Table[158] = 183
Encoder_Line_Offest_Table[159] = 163
Encoder_Line_Offest_Table[160] = 155
Encoder_Line_Offest_Table[161] = 123
Encoder_Line_Offest_Table[162] = 83
Encoder_Line_Offest_Table[163] = 99
Encoder_Line_Offest_Table[164] = 151
Encoder_Line_Offest_Table[165] = 175
Encoder_Line_Offest_Table[166] = 159
Encoder_Line_Offest_Table[167] = 207
Encoder_Line_Offest_Table[168] = 267
Encoder_Line_Offest_Table[169] = 243
Encoder_Line_Offest_Table[170] = 199
Encoder_Line_Offest_Table[171] = 187
Encoder_Line_Offest_Table[172] = 179
Encoder_Line_Offest_Table[173] = 151
Encoder_Line_Offest_Table[174] = 127
Encoder_Line_Offest_Table[175] = 167
Encoder_Line_Offest_Table[176] = 179
Encoder_Line_Offest_Table[177] = 159
Encoder_Line_Offest_Table[178] = 187
Encoder_Line_Offest_Table[179] = 251
Encoder_Line_Offest_Table[180] = 247
Encoder_Line_Offest_Table[181] = 187
Encoder_Line_Offest_Table[182] = 151
Encoder_Line_Offest_Table[183] = 155
Encoder_Line_Offest_Table[184] = 147
Encoder_Line_Offest_Table[185] = 123
Encoder_Line_Offest_Table[186] = 139
Encoder_Line_Offest_Table[187] = 171
Encoder_Line_Offest_Table[188] = 179
Encoder_Line_Offest_Table[189] = 187
Encoder_Line_Offest_Table[190] = 243
Encoder_Line_Offest_Table[191] = 251
Encoder_Line_Offest_Table[192] = 223
Encoder_Line_Offest_Table[193] = 171
Encoder_Line_Offest_Table[194] = 167
Encoder_Line_Offest_Table[195] = 171
Encoder_Line_Offest_Table[196] = 175
Encoder_Line_Offest_Table[197] = 151
Encoder_Line_Offest_Table[198] = 163
Encoder_Line_Offest_Table[199] = 191
Encoder_Line_Offest_Table[200] = 207
Encoder_Line_Offest_Table[201] = 227
Encoder_Line_Offest_Table[202] = 251
Encoder_Line_Offest_Table[203] = 243
Encoder_Line_Offest_Table[204] = 199
Encoder_Line_Offest_Table[205] = 171
Encoder_Line_Offest_Table[206] = 187
Encoder_Line_Offest_Table[207] = 195
Encoder_Line_Offest_Table[208] = 139
Encoder_Line_Offest_Table[209] = 119
Encoder_Line_Offest_Table[210] = 155
Encoder_Line_Offest_Table[211] = 183
Encoder_Line_Offest_Table[212] = 139
Encoder_Line_Offest_Table[213] = 135
Encoder_Line_Offest_Table[214] = 147
Encoder_Line_Offest_Table[215] = 139
Encoder_Line_Offest_Table[216] = 99
Encoder_Line_Offest_Table[217] = 99
Encoder_Line_Offest_Table[218] = 103
Encoder_Line_Offest_Table[219] = 83
Encoder_Line_Offest_Table[220] = 31
Encoder_Line_Offest_Table[221] = 63
Encoder_Line_Offest_Table[222] = 95
Encoder_Line_Offest_Table[223] = 67
Encoder_Line_Offest_Table[224] = 31
Encoder_Line_Offest_Table[225] = 47
Encoder_Line_Offest_Table[226] = 83
Encoder_Line_Offest_Table[227] = 79
Encoder_Line_Offest_Table[228] = 67
Encoder_Line_Offest_Table[229] = 91
Encoder_Line_Offest_Table[230] = 75
Encoder_Line_Offest_Table[231] = 35
Encoder_Line_Offest_Table[232] = 27
Encoder_Line_Offest_Table[233] = 59
Encoder_Line_Offest_Table[234] = 51
Encoder_Line_Offest_Table[235] = 27
Encoder_Line_Offest_Table[236] = 31
Encoder_Line_Offest_Table[237] = 63
Encoder_Line_Offest_Table[238] = 87
Encoder_Line_Offest_Table[239] = 75
Encoder_Line_Offest_Table[240] = 55
Encoder_Line_Offest_Table[241] = 51
Encoder_Line_Offest_Table[242] = 51
Encoder_Line_Offest_Table[243] = 27
Encoder_Line_Offest_Table[244] = 11
Encoder_Line_Offest_Table[245] = 11
Encoder_Line_Offest_Table[246] = 7
Encoder_Line_Offest_Table[247] = -17
Encoder_Line_Offest_Table[248] = 3
Encoder_Line_Offest_Table[249] = 63
Encoder_Line_Offest_Table[250] = 91
Encoder_Line_Offest_Table[251] = 51
Encoder_Line_Offest_Table[252] = 39
Encoder_Line_Offest_Table[253] = 67
Encoder_Line_Offest_Table[254] = 59
Encoder_Line_Offest_Table[255] = 3
